<?xml version="1.0" encoding="UTF-8" ?>
<testsuites>
 <testsuite name="Enter Patryk Name" timestamp="2022-04-11T21:32:02" hostname="localhost" time="2.29" errors="0" tests="1" skipped="0" failures="1">
  <testcase classname="Enter Patryk Name" name="should add a Name as Patryk" time="2.289">
   <failure type="toEqual" message="Expected &amp;apos;Hello Patryk!&amp;apos; to equal &amp;apos;Hello Patryk error&amp;apos;."><![CDATA[Error: Failed expectation
    at UserContext.<anonymous> (C:\Users\patryk.smandzich\Documents\protractor\spec.js:6:24)
    at C:\Users\patryk.smandzich\AppData\Roaming\npm\node_modules\protractor\node_modules\jasminewd2\index.js:112:25
    at new ManagedPromise (C:\Users\patryk.smandzich\AppData\Roaming\npm\node_modules\protractor\node_modules\selenium-webdriver\lib\promise.js:1077:7)
    at ControlFlow.promise (C:\Users\patryk.smandzich\AppData\Roaming\npm\node_modules\protractor\node_modules\selenium-webdriver\lib\promise.js:2505:12)
    at schedulerExecute (C:\Users\patryk.smandzich\AppData\Roaming\npm\node_modules\protractor\node_modules\jasminewd2\index.js:95:18)
    at TaskQueue.execute_ (C:\Users\patryk.smandzich\AppData\Roaming\npm\node_modules\protractor\node_modules\selenium-webdriver\lib\promise.js:3084:14)
    at TaskQueue.executeNext_ (C:\Users\patryk.smandzich\AppData\Roaming\npm\node_modules\protractor\node_modules\selenium-webdriver\lib\promise.js:3067:27)
    at C:\Users\patryk.smandzich\AppData\Roaming\npm\node_modules\protractor\node_modules\selenium-webdriver\lib\promise.js:2974:25
    at C:\Users\patryk.smandzich\AppData\Roaming\npm\node_modules\protractor\node_modules\selenium-webdriver\lib\promise.js:668:7]]>
   </failure>
  </testcase>
 </testsuite>
</testsuites>